<?xml version="1.0" encoding="UTF-8"?>
<!-- Generated by org.testng.reporters.JUnitReportReporter -->
<testsuite hostname="de1adb388571546" failures="0" tests="1" name="USTBATCHNO3.Testng.ConstructionSamudhraTest" time="0.022" errors="0" timestamp="2023-03-13T16:58:49 IST" skipped="0">
  <testcase classname="USTBATCHNO3.Testng.ConstructionSamudhraTest" name="Construction" time="0.022"/>
  <system-out/>
</testsuite> <!-- USTBATCHNO3.Testng.ConstructionSamudhraTest -->
